Determining if the pthread_create exist failed with the following output:
Change Dir: /mnt/d/workspaces/camera/middleware_dbus_amba_eventsservice/cmake-build-debug/CMakeFiles/CMakeTmp

Run Build Command:"/usr/bin/make" "cmTC_27137/fast"
/usr/bin/make -f CMakeFiles/cmTC_27137.dir/build.make CMakeFiles/cmTC_27137.dir/build
make[1]: Entering directory '/mnt/d/workspaces/camera/middleware_dbus_amba_eventsservice/cmake-build-debug/CMakeFiles/CMakeTmp'
Building C object CMakeFiles/cmTC_27137.dir/CheckSymbolExists.c.o
/usr/bin/cc   -lrt    -o CMakeFiles/cmTC_27137.dir/CheckSymbolExists.c.o   -c /mnt/d/workspaces/camera/middleware_dbus_amba_eventsservice/cmake-build-debug/CMakeFiles/CMakeTmp/CheckSymbolExists.c
Linking C executable cmTC_27137
/usr/bin/cmake -E cmake_link_script CMakeFiles/cmTC_27137.dir/link.txt --verbose=1
/usr/bin/cc  -lrt     CMakeFiles/cmTC_27137.dir/CheckSymbolExists.c.o  -o cmTC_27137 
CMakeFiles/cmTC_27137.dir/CheckSymbolExists.c.o: In function `main':
CheckSymbolExists.c:(.text+0x1b): undefined reference to `pthread_create'
collect2: error: ld returned 1 exit status
CMakeFiles/cmTC_27137.dir/build.make:97: recipe for target 'cmTC_27137' failed
make[1]: *** [cmTC_27137] Error 1
make[1]: Leaving directory '/mnt/d/workspaces/camera/middleware_dbus_amba_eventsservice/cmake-build-debug/CMakeFiles/CMakeTmp'
Makefile:126: recipe for target 'cmTC_27137/fast' failed
make: *** [cmTC_27137/fast] Error 2

File /mnt/d/workspaces/camera/middleware_dbus_amba_eventsservice/cmake-build-debug/CMakeFiles/CMakeTmp/CheckSymbolExists.c:
/* */
#include <pthread.h>

int main(int argc, char** argv)
{
  (void)argv;
#ifndef pthread_create
  return ((int*)(&pthread_create))[argc];
#else
  (void)argc;
  return 0;
#endif
}

Determining if the function pthread_create exists in the pthreads failed with the following output:
Change Dir: /mnt/d/workspaces/camera/middleware_dbus_amba_eventsservice/cmake-build-debug/CMakeFiles/CMakeTmp

Run Build Command:"/usr/bin/make" "cmTC_cf24b/fast"
/usr/bin/make -f CMakeFiles/cmTC_cf24b.dir/build.make CMakeFiles/cmTC_cf24b.dir/build
make[1]: Entering directory '/mnt/d/workspaces/camera/middleware_dbus_amba_eventsservice/cmake-build-debug/CMakeFiles/CMakeTmp'
Building C object CMakeFiles/cmTC_cf24b.dir/CheckFunctionExists.c.o
/usr/bin/cc   -lrt -DCHECK_FUNCTION_EXISTS=pthread_create   -o CMakeFiles/cmTC_cf24b.dir/CheckFunctionExists.c.o   -c /usr/share/cmake-3.10/Modules/CheckFunctionExists.c
Linking C executable cmTC_cf24b
/usr/bin/cmake -E cmake_link_script CMakeFiles/cmTC_cf24b.dir/link.txt --verbose=1
/usr/bin/cc  -lrt -DCHECK_FUNCTION_EXISTS=pthread_create    CMakeFiles/cmTC_cf24b.dir/CheckFunctionExists.c.o  -o cmTC_cf24b -lpthreads 
/usr/bin/ld: cannot find -lpthreads
collect2: error: ld returned 1 exit status
CMakeFiles/cmTC_cf24b.dir/build.make:97: recipe for target 'cmTC_cf24b' failed
make[1]: *** [cmTC_cf24b] Error 1
make[1]: Leaving directory '/mnt/d/workspaces/camera/middleware_dbus_amba_eventsservice/cmake-build-debug/CMakeFiles/CMakeTmp'
Makefile:126: recipe for target 'cmTC_cf24b/fast' failed
make: *** [cmTC_cf24b/fast] Error 2


